#
# A fatal error has been detected by the Java Runtime Environment:
#
#  EXCEPTION_ACCESS_VIOLATION (0xc0000005) at pc=0x000000006d09aab4, pid=4160, tid=0x000000000000144c
#
# JRE version: Java(TM) SE Runtime Environment (8.0_202-b08) (build 1.8.0_202-b08)
# Java VM: Java HotSpot(TM) 64-Bit Server VM (25.202-b08 mixed mode windows-amd64 compressed oops)
# Problematic frame:
# C  [sqlite-3.21.0-f4ea6461-816b-44f5-910b-ffdb2c869c30-sqlitejdbc.dll+0x1aab4]
#
# Failed to write core dump. Minidumps are not enabled by default on client versions of Windows
#
# If you would like to submit a bug report, please visit:
#   http://bugreport.java.com/bugreport/crash.jsp
# The crash happened outside the Java Virtual Machine in native code.
# See problematic frame for where to report the bug.
#

---------------  T H R E A D  ---------------

Current thread (0x000000005ae5f000):  JavaThread "AWT-EventQueue-0" [_thread_in_native, id=5196, stack(0x000000005c0f0000,0x000000005c1f0000)]

siginfo: ExceptionCode=0xc0000005, reading address 0xffffffffffffffff

Registers:
RAX=0x4c205443454c4553, RBX=0x0000000000000000, RCX=0x00000000004e82d8, RDX=0x0000000000000000
RSP=0x000000005c1ec7a0, RBP=0x000000005c1ec8e0, RSI=0x00000000004e82d8, RDI=0x0000000000000000
R8 =0x00000000000000a2, R9 =0x0000000080e9cd58, R10=0x000000000000003a, R11=0x000000006f517940
R12=0x000000000016e238, R13=0x000000005c1ec8d0, R14=0x000000005c1ec8a0, R15=0x000000005ae5f000
RIP=0x000000006d09aab4, EFLAGS=0x0000000000010206

Top of Stack: (sp=0x000000005c1ec7a0)
0x000000005c1ec7a0:   000000005c1ec8d0 000000006ef3e7af
0x000000005c1ec7b0:   000000005c1ec8d0 000000005c1ec8e0
0x000000005c1ec7c0:   000000005ae5f000 00000000004e82d8
0x000000005c1ec7d0:   000000005ae5f1f8 000000006d0b5a3e
0x000000005c1ec7e0:   0000000058b6ea98 000000005ae5f000
0x000000005c1ec7f0:   000000005c1ec8d0 000000005c1ec978
0x000000005c1ec800:   000000005ae18070 00000000004e82d8
0x000000005c1ec810:   000000005ae5f1f8 000000006d082a43
0x000000005c1ec820:   000000005c1ec950 000000006ef3e7af
0x000000005c1ec830:   000000000013c448 00000000029ae2c1
0x000000005c1ec840:   000000005ae5f000 0000000080e9cd58
0x000000005c1ec850:   0000000080e9cd58 0000000011649000
0x000000005c1ec860:   000000000013c448 000000005c1ec8e0
0x000000005c1ec870:   0000000000000000 00000000029ae13b
0x000000005c1ec880:   000000005ae18070 000000006ef2d539
0x000000005c1ec890:   000000005c1ed8a8 000000005ae5f000 

Instructions: (pc=0x000000006d09aab4)
0x000000006d09aa94:   40 00 66 2e 0f 1f 84 00 00 00 00 00 56 53 48 83
0x000000006d09aaa4:   ec 28 48 85 c9 48 89 ce 48 63 da 74 71 48 8b 01
0x000000006d09aab4:   48 8b 48 18 48 85 c9 74 06 ff 15 2d 25 0b 00 48
0x000000006d09aac4:   8b 86 88 00 00 00 48 85 c0 74 31 0f b7 96 bc 00 


Register to memory mapping:

RAX=0x4c205443454c4553 is an unknown value
RBX=0x0000000000000000 is an unknown value
RCX=0x00000000004e82d8 is an unknown value
RDX=0x0000000000000000 is an unknown value
RSP=0x000000005c1ec7a0 is pointing into the stack for thread: 0x000000005ae5f000
RBP=0x000000005c1ec8e0 is pointing into the stack for thread: 0x000000005ae5f000
RSI=0x00000000004e82d8 is an unknown value
RDI=0x0000000000000000 is an unknown value
R8 =0x00000000000000a2 is an unknown value
R9 =0x0000000080e9cd58 is an oop
org.sqlite.core.NativeDB 
 - klass: 'org/sqlite/core/NativeDB'
R10=0x000000000000003a is an unknown value
R11=0x000000006f517940 is an unknown value
R12=0x000000000016e238 is an unknown value
R13=0x000000005c1ec8d0 is pointing into the stack for thread: 0x000000005ae5f000
R14=0x000000005c1ec8a0 is pointing into the stack for thread: 0x000000005ae5f000
R15=0x000000005ae5f000 is a thread


Stack: [0x000000005c0f0000,0x000000005c1f0000],  sp=0x000000005c1ec7a0,  free space=1009k
Native frames: (J=compiled Java code, j=interpreted, Vv=VM code, C=native code)
C  [sqlite-3.21.0-f4ea6461-816b-44f5-910b-ffdb2c869c30-sqlitejdbc.dll+0x1aab4]
C  [sqlite-3.21.0-f4ea6461-816b-44f5-910b-ffdb2c869c30-sqlitejdbc.dll+0x35a3e]
C  [sqlite-3.21.0-f4ea6461-816b-44f5-910b-ffdb2c869c30-sqlitejdbc.dll+0x2a43]
C  0x00000000029ae13b

Java frames: (J=compiled Java code, j=interpreted, Vv=VM code)
J 923  org.sqlite.core.NativeDB.column_text_utf8(JI)[B (0 bytes) @ 0x00000000029adffb [0x00000000029adfc0+0x3b]
J 1146 C2 org.sqlite.jdbc3.JDBC3ResultSet.getString(I)Ljava/lang/String; (20 bytes) @ 0x0000000002a51724 [0x0000000002a51660+0xc4]
j  invoicemanager.Database.resultSet2Rows(Ljava/sql/ResultSet;)Ljava/util/List;+51
j  invoicemanager.InvoiceManager.getSetPickValues(I)V+248
j  invoicemanager.InvoiceManager.access$2400(I)V+1
j  invoicemanager.InvoiceManager$14.valueChanged(Ljavax/swing/event/ListSelectionEvent;)V+19
j  javax.swing.DefaultListSelectionModel.fireValueChanged(IIZ)V+64
j  javax.swing.DefaultListSelectionModel.fireValueChanged(Z)V+34
j  javax.swing.DefaultListSelectionModel.setValueIsAdjusting(Z)V+15
j  javax.swing.plaf.basic.BasicTableUI$Handler.setValueIsAdjusting(Z)V+11
j  javax.swing.plaf.basic.BasicTableUI$Handler.mouseReleased(Ljava/awt/event/MouseEvent;)V+68
j  java.awt.AWTEventMulticaster.mouseReleased(Ljava/awt/event/MouseEvent;)V+21
j  java.awt.AWTEventMulticaster.mouseReleased(Ljava/awt/event/MouseEvent;)V+8
j  java.awt.Component.processMouseEvent(Ljava/awt/event/MouseEvent;)V+64
j  javax.swing.JComponent.processMouseEvent(Ljava/awt/event/MouseEvent;)V+23
J 1859 C1 java.awt.Component.processEvent(Ljava/awt/AWTEvent;)V (220 bytes) @ 0x0000000002c6bbe4 [0x0000000002c6b6e0+0x504]
J 1609 C1 java.awt.Container.processEvent(Ljava/awt/AWTEvent;)V (22 bytes) @ 0x0000000002b8a0b4 [0x0000000002b89da0+0x314]
J 1782 C1 java.awt.Component.dispatchEventImpl(Ljava/awt/AWTEvent;)V (921 bytes) @ 0x0000000002c2fc44 [0x0000000002c2a8c0+0x5384]
J 1545 C1 java.awt.Container.dispatchEventImpl(Ljava/awt/AWTEvent;)V (129 bytes) @ 0x0000000002b63d04 [0x0000000002b63bc0+0x144]
J 1868 C1 java.awt.LightweightDispatcher.retargetMouseEvent(Ljava/awt/Component;ILjava/awt/event/MouseEvent;)V (372 bytes) @ 0x0000000002c7c50c [0x0000000002c79d60+0x27ac]
J 1964 C1 java.awt.LightweightDispatcher.processMouseEvent(Ljava/awt/event/MouseEvent;)Z (286 bytes) @ 0x0000000002cb50e4 [0x0000000002cb3a40+0x16a4]
J 1799 C1 java.awt.LightweightDispatcher.dispatchEvent(Ljava/awt/AWTEvent;)Z (73 bytes) @ 0x0000000002c3ec24 [0x0000000002c3e800+0x424]
J 1545 C1 java.awt.Container.dispatchEventImpl(Ljava/awt/AWTEvent;)V (129 bytes) @ 0x0000000002b63ca4 [0x0000000002b63bc0+0xe4]
J 1862 C1 java.awt.Window.dispatchEventImpl(Ljava/awt/AWTEvent;)V (23 bytes) @ 0x0000000002c70f3c [0x0000000002c70980+0x5bc]
J 1787 C1 java.awt.EventQueue.dispatchEventImpl(Ljava/awt/AWTEvent;Ljava/lang/Object;)V (149 bytes) @ 0x0000000002c3834c [0x0000000002c36b80+0x17cc]
J 1582 C1 java.awt.EventQueue$3.run()Ljava/lang/Void; (60 bytes) @ 0x0000000002b7c044 [0x0000000002b7be40+0x204]
J 1581 C1 java.awt.EventQueue$3.run()Ljava/lang/Object; (5 bytes) @ 0x0000000002b7aa8c [0x0000000002b7aa00+0x8c]
v  ~StubRoutines::call_stub
J 307  java.security.AccessController.doPrivileged(Ljava/security/PrivilegedAction;Ljava/security/AccessControlContext;)Ljava/lang/Object; (0 bytes) @ 0x00000000028358e6 [0x0000000002835880+0x66]
J 1605 C1 java.awt.EventQueue$4.run()Ljava/lang/Object; (5 bytes) @ 0x0000000002b8b92c [0x0000000002b8b500+0x42c]
v  ~StubRoutines::call_stub
J 307  java.security.AccessController.doPrivileged(Ljava/security/PrivilegedAction;Ljava/security/AccessControlContext;)Ljava/lang/Object; (0 bytes) @ 0x00000000028358e6 [0x0000000002835880+0x66]
J 1461 C1 java.awt.EventQueue.dispatchEvent(Ljava/awt/AWTEvent;)V (80 bytes) @ 0x0000000002b22974 [0x0000000002b21b40+0xe34]
J 1463 C1 java.awt.EventDispatchThread.pumpOneEventForFilters(I)V (190 bytes) @ 0x0000000002b2504c [0x0000000002b23f40+0x110c]
j  java.awt.EventDispatchThread.pumpEventsForFilter(ILjava/awt/Conditional;Ljava/awt/EventFilter;)V+35
j  java.awt.EventDispatchThread.pumpEventsForHierarchy(ILjava/awt/Conditional;Ljava/awt/Component;)V+11
j  java.awt.EventDispatchThread.pumpEvents(ILjava/awt/Conditional;)V+4
j  java.awt.EventDispatchThread.pumpEvents(Ljava/awt/Conditional;)V+3
j  java.awt.EventDispatchThread.run()V+9
v  ~StubRoutines::call_stub

---------------  P R O C E S S  ---------------

Java Threads: ( => current thread )
  0x000000005b0f0800 JavaThread "Thread-3" [_thread_blocked, id=7708, stack(0x000000005b820000,0x000000005b920000)]
  0x000000005b0f1000 JavaThread "Image Fetcher 0" daemon [_thread_blocked, id=8680, stack(0x000000005f020000,0x000000005f120000)]
  0x000000005b1a8000 JavaThread "Swing-Shell" daemon [_thread_blocked, id=3620, stack(0x0000000061190000,0x0000000061290000)]
  0x000000005b072000 JavaThread "TimerQueue" daemon [_thread_blocked, id=1352, stack(0x000000005f490000,0x000000005f590000)]
  0x000000005b06c000 JavaThread "D3D Screen Updater" daemon [_thread_blocked, id=8228, stack(0x000000005e840000,0x000000005e940000)]
  0x00000000001af000 JavaThread "DestroyJavaVM" [_thread_blocked, id=9696, stack(0x0000000002230000,0x0000000002330000)]
=>0x000000005ae5f000 JavaThread "AWT-EventQueue-0" [_thread_in_native, id=5196, stack(0x000000005c0f0000,0x000000005c1f0000)]
  0x000000005ad67000 JavaThread "AWT-Windows" daemon [_thread_in_native, id=5904, stack(0x000000005b6a0000,0x000000005b7a0000)]
  0x000000005ad66800 JavaThread "AWT-Shutdown" [_thread_blocked, id=8416, stack(0x000000005b570000,0x000000005b670000)]
  0x000000005ad65800 JavaThread "Java2D Disposer" daemon [_thread_blocked, id=8048, stack(0x000000005a8e0000,0x000000005a9e0000)]
  0x0000000058bf1000 JavaThread "Service Thread" daemon [_thread_blocked, id=5624, stack(0x000000005aaa0000,0x000000005aba0000)]
  0x0000000058b6c800 JavaThread "C1 CompilerThread3" daemon [_thread_blocked, id=9496, stack(0x000000005a7d0000,0x000000005a8d0000)]
  0x0000000058b6a800 JavaThread "C2 CompilerThread2" daemon [_thread_blocked, id=3224, stack(0x000000005a620000,0x000000005a720000)]
  0x0000000058b65800 JavaThread "C2 CompilerThread1" daemon [_thread_blocked, id=8312, stack(0x000000005a4e0000,0x000000005a5e0000)]
  0x0000000058b53000 JavaThread "C2 CompilerThread0" daemon [_thread_blocked, id=8748, stack(0x000000005a360000,0x000000005a460000)]
  0x0000000058b50000 JavaThread "Attach Listener" daemon [_thread_blocked, id=8944, stack(0x000000005a1e0000,0x000000005a2e0000)]
  0x0000000058b57800 JavaThread "Signal Dispatcher" daemon [_thread_blocked, id=9568, stack(0x000000005a030000,0x000000005a130000)]
  0x000000005798f800 JavaThread "Finalizer" daemon [_thread_blocked, id=8236, stack(0x0000000059e40000,0x0000000059f40000)]
  0x0000000057988800 JavaThread "Reference Handler" daemon [_thread_blocked, id=5620, stack(0x0000000059c30000,0x0000000059d30000)]

Other Threads:
  0x0000000058b02800 VMThread [stack: 0x0000000059aa0000,0x0000000059ba0000] [id=8568]
  0x0000000058bb6800 WatcherThread [stack: 0x000000005abb0000,0x000000005acb0000] [id=8420]

VM state:not at safepoint (normal execution)

VM Mutex/Monitor currently owned by a thread: None

heap address: 0x0000000080e00000, size: 2034 MB, Compressed Oops mode: 32-bit
Narrow klass base: 0x0000000000000000, Narrow klass shift: 0
Compressed class space size: 1073741824 Address: 0x0000000016fa0000

Heap:
 PSYoungGen      total 38400K, used 2132K [0x00000000d5a00000, 0x00000000d8480000, 0x0000000100000000)
  eden space 33280K, 6% used [0x00000000d5a00000,0x00000000d5c15360,0x00000000d7a80000)
  from space 5120K, 0% used [0x00000000d7a80000,0x00000000d7a80000,0x00000000d7f80000)
  to   space 5120K, 0% used [0x00000000d7f80000,0x00000000d7f80000,0x00000000d8480000)
 ParOldGen       total 87552K, used 6600K [0x0000000080e00000, 0x0000000086380000, 0x00000000d5a00000)
  object space 87552K, 7% used [0x0000000080e00000,0x00000000814722a0,0x0000000086380000)
 Metaspace       used 17179K, capacity 17468K, committed 17792K, reserved 1064960K
  class space    used 2220K, capacity 2310K, committed 2432K, reserved 1048576K

Card table byte_map: [0x0000000011a50000,0x0000000011e50000] byte_map_base: 0x0000000011649000

Marking Bits: (ParMarkBitMap*) 0x000000006f525ce0
 Begin Bits: [0x0000000012c10000, 0x0000000014bd8000)
 End Bits:   [0x0000000014bd8000, 0x0000000016ba0000)

Polling page: 0x0000000000130000

CodeCache: size=245760Kb used=6729Kb max_used=6729Kb free=239030Kb
 bounds [0x0000000002690000, 0x0000000002d30000, 0x0000000011690000]
 total_blobs=2731 nmethods=2176 adapters=465
 compilation: enabled

Compilation events (10 events):
Event: 9.051 Thread 0x0000000058b6c800 2170       3       javax.swing.plaf.metal.MetalBorders$Flush3DBorder::getBorderInsets (10 bytes)
Event: 9.051 Thread 0x0000000058b6c800 nmethod 2170 0x0000000002d23c90 code [0x0000000002d23e00, 0x0000000002d24050]
Event: 9.070 Thread 0x0000000058b6c800 2172  s    3       java.lang.Throwable::fillInStackTrace (29 bytes)
Event: 9.070 Thread 0x0000000058b6c800 nmethod 2172 0x0000000002d24510 code [0x0000000002d24680, 0x0000000002d24a28]
Event: 9.070 Thread 0x0000000058b6c800 2174       3       java.util.regex.Matcher::find (69 bytes)
Event: 9.070 Thread 0x0000000058b6c800 nmethod 2174 0x0000000002d24ad0 code [0x0000000002d24c40, 0x0000000002d24fe8]
Event: 9.070 Thread 0x0000000058b6c800 2175   !   3       java.util.regex.Pattern::matcher (44 bytes)
Event: 9.071 Thread 0x0000000058b6c800 nmethod 2175 0x0000000002d250d0 code [0x0000000002d25260, 0x0000000002d256b8]
Event: 9.071 Thread 0x0000000058b6c800 2176       3       java.util.regex.Matcher::<init> (84 bytes)
Event: 9.071 Thread 0x0000000058b6c800 nmethod 2176 0x0000000002d257d0 code [0x0000000002d25960, 0x0000000002d25e08]

GC Heap History (10 events):
Event: 8.064 GC heap before
{Heap before GC invocations=1 (full 0):
 PSYoungGen      total 38400K, used 29342K [0x00000000d5a00000, 0x00000000d8480000, 0x0000000100000000)
  eden space 33280K, 88% used [0x00000000d5a00000,0x00000000d76a7a48,0x00000000d7a80000)
  from space 5120K, 0% used [0x00000000d7f80000,0x00000000d7f80000,0x00000000d8480000)
  to   space 5120K, 0% used [0x00000000d7a80000,0x00000000d7a80000,0x00000000d7f80000)
 ParOldGen       total 87552K, used 0K [0x0000000080e00000, 0x0000000086380000, 0x00000000d5a00000)
  object space 87552K, 0% used [0x0000000080e00000,0x0000000080e00000,0x0000000086380000)
 Metaspace       used 16667K, capacity 16956K, committed 17152K, reserved 1064960K
  class space    used 2156K, capacity 2246K, committed 2304K, reserved 1048576K
Event: 8.072 GC heap after
Heap after GC invocations=1 (full 0):
 PSYoungGen      total 38400K, used 4396K [0x00000000d5a00000, 0x00000000d8480000, 0x0000000100000000)
  eden space 33280K, 0% used [0x00000000d5a00000,0x00000000d5a00000,0x00000000d7a80000)
  from space 5120K, 85% used [0x00000000d7a80000,0x00000000d7ecb3e0,0x00000000d7f80000)
  to   space 5120K, 0% used [0x00000000d7f80000,0x00000000d7f80000,0x00000000d8480000)
 ParOldGen       total 87552K, used 24K [0x0000000080e00000, 0x0000000086380000, 0x00000000d5a00000)
  object space 87552K, 0% used [0x0000000080e00000,0x0000000080e06000,0x0000000086380000)
 Metaspace       used 16667K, capacity 16956K, committed 17152K, reserved 1064960K
  class space    used 2156K, capacity 2246K, committed 2304K, reserved 1048576K
}
Event: 8.080 GC heap before
{Heap before GC invocations=2 (full 0):
 PSYoungGen      total 38400K, used 12984K [0x00000000d5a00000, 0x00000000d8480000, 0x0000000100000000)
  eden space 33280K, 25% used [0x00000000d5a00000,0x00000000d6262d58,0x00000000d7a80000)
  from space 5120K, 85% used [0x00000000d7a80000,0x00000000d7ecb3e0,0x00000000d7f80000)
  to   space 5120K, 0% used [0x00000000d7f80000,0x00000000d7f80000,0x00000000d8480000)
 ParOldGen       total 87552K, used 24K [0x0000000080e00000, 0x0000000086380000, 0x00000000d5a00000)
  object space 87552K, 0% used [0x0000000080e00000,0x0000000080e06000,0x0000000086380000)
 Metaspace       used 16702K, capacity 16956K, committed 17152K, reserved 1064960K
  class space    used 2158K, capacity 2246K, committed 2304K, reserved 1048576K
Event: 8.086 GC heap after
Heap after GC invocations=2 (full 0):
 PSYoungGen      total 38400K, used 4080K [0x00000000d5a00000, 0x00000000d8480000, 0x0000000100000000)
  eden space 33280K, 0% used [0x00000000d5a00000,0x00000000d5a00000,0x00000000d7a80000)
  from space 5120K, 79% used [0x00000000d7f80000,0x00000000d837c010,0x00000000d8480000)
  to   space 5120K, 0% used [0x00000000d7a80000,0x00000000d7a80000,0x00000000d7f80000)
 ParOldGen       total 87552K, used 5152K [0x0000000080e00000, 0x0000000086380000, 0x00000000d5a00000)
  object space 87552K, 5% used [0x0000000080e00000,0x0000000081308010,0x0000000086380000)
 Metaspace       used 16702K, capacity 16956K, committed 17152K, reserved 1064960K
  class space    used 2158K, capacity 2246K, committed 2304K, reserved 1048576K
}
Event: 8.086 GC heap before
{Heap before GC invocations=3 (full 1):
 PSYoungGen      total 38400K, used 4080K [0x00000000d5a00000, 0x00000000d8480000, 0x0000000100000000)
  eden space 33280K, 0% used [0x00000000d5a00000,0x00000000d5a00000,0x00000000d7a80000)
  from space 5120K, 79% used [0x00000000d7f80000,0x00000000d837c010,0x00000000d8480000)
  to   space 5120K, 0% used [0x00000000d7a80000,0x00000000d7a80000,0x00000000d7f80000)
 ParOldGen       total 87552K, used 5152K [0x0000000080e00000, 0x0000000086380000, 0x00000000d5a00000)
  object space 87552K, 5% used [0x0000000080e00000,0x0000000081308010,0x0000000086380000)
 Metaspace       used 16702K, capacity 16956K, committed 17152K, reserved 1064960K
  class space    used 2158K, capacity 2246K, committed 2304K, reserved 1048576K
Event: 8.109 GC heap after
Heap after GC invocations=3 (full 1):
 PSYoungGen      total 38400K, used 0K [0x00000000d5a00000, 0x00000000d8480000, 0x0000000100000000)
  eden space 33280K, 0% used [0x00000000d5a00000,0x00000000d5a00000,0x00000000d7a80000)
  from space 5120K, 0% used [0x00000000d7f80000,0x00000000d7f80000,0x00000000d8480000)
  to   space 5120K, 0% used [0x00000000d7a80000,0x00000000d7a80000,0x00000000d7f80000)
 ParOldGen       total 87552K, used 9116K [0x0000000080e00000, 0x0000000086380000, 0x00000000d5a00000)
  object space 87552K, 10% used [0x0000000080e00000,0x00000000816e71b8,0x0000000086380000)
 Metaspace       used 16702K, capacity 16956K, committed 17152K, reserved 1064960K
  class space    used 2158K, capacity 2246K, committed 2304K, reserved 1048576K
}
Event: 8.152 GC heap before
{Heap before GC invocations=4 (full 1):
 PSYoungGen      total 38400K, used 5807K [0x00000000d5a00000, 0x00000000d8480000, 0x0000000100000000)
  eden space 33280K, 17% used [0x00000000d5a00000,0x00000000d5fabde0,0x00000000d7a80000)
  from space 5120K, 0% used [0x00000000d7f80000,0x00000000d7f80000,0x00000000d8480000)
  to   space 5120K, 0% used [0x00000000d7a80000,0x00000000d7a80000,0x00000000d7f80000)
 ParOldGen       total 87552K, used 9116K [0x0000000080e00000, 0x0000000086380000, 0x00000000d5a00000)
  object space 87552K, 10% used [0x0000000080e00000,0x00000000816e71b8,0x0000000086380000)
 Metaspace       used 17144K, capacity 17404K, committed 17792K, reserved 1064960K
  class space    used 2217K, capacity 2310K, committed 2432K, reserved 1048576K
Event: 8.153 GC heap after
Heap after GC invocations=4 (full 1):
 PSYoungGen      total 38400K, used 2774K [0x00000000d5a00000, 0x00000000d8480000, 0x0000000100000000)
  eden space 33280K, 0% used [0x00000000d5a00000,0x00000000d5a00000,0x00000000d7a80000)
  from space 5120K, 54% used [0x00000000d7a80000,0x00000000d7d35938,0x00000000d7f80000)
  to   space 5120K, 0% used [0x00000000d7f80000,0x00000000d7f80000,0x00000000d8480000)
 ParOldGen       total 87552K, used 9124K [0x0000000080e00000, 0x0000000086380000, 0x00000000d5a00000)
  object space 87552K, 10% used [0x0000000080e00000,0x00000000816e91b8,0x0000000086380000)
 Metaspace       used 17144K, capacity 17404K, committed 17792K, reserved 1064960K
  class space    used 2217K, capacity 2310K, committed 2432K, reserved 1048576K
}
Event: 8.153 GC heap before
{Heap before GC invocations=5 (full 2):
 PSYoungGen      total 38400K, used 2774K [0x00000000d5a00000, 0x00000000d8480000, 0x0000000100000000)
  eden space 33280K, 0% used [0x00000000d5a00000,0x00000000d5a00000,0x00000000d7a80000)
  from space 5120K, 54% used [0x00000000d7a80000,0x00000000d7d35938,0x00000000d7f80000)
  to   space 5120K, 0% used [0x00000000d7f80000,0x00000000d7f80000,0x00000000d8480000)
 ParOldGen       total 87552K, used 9124K [0x0000000080e00000, 0x0000000086380000, 0x00000000d5a00000)
  object space 87552K, 10% used [0x0000000080e00000,0x00000000816e91b8,0x0000000086380000)
 Metaspace       used 17144K, capacity 17404K, committed 17792K, reserved 1064960K
  class space    used 2217K, capacity 2310K, committed 2432K, reserved 1048576K
Event: 8.175 GC heap after
Heap after GC invocations=5 (full 2):
 PSYoungGen      total 38400K, used 0K [0x00000000d5a00000, 0x00000000d8480000, 0x0000000100000000)
  eden space 33280K, 0% used [0x00000000d5a00000,0x00000000d5a00000,0x00000000d7a80000)
  from space 5120K, 0% used [0x00000000d7a80000,0x00000000d7a80000,0x00000000d7f80000)
  to   space 5120K, 0% used [0x00000000d7f80000,0x00000000d7f80000,0x00000000d8480000)
 ParOldGen       total 87552K, used 6600K [0x0000000080e00000, 0x0000000086380000, 0x00000000d5a00000)
  object space 87552K, 7% used [0x0000000080e00000,0x00000000814722a0,0x0000000086380000)
 Metaspace       used 17144K, capacity 17404K, committed 17792K, reserved 1064960K
  class space    used 2217K, capacity 2310K, committed 2432K, reserved 1048576K
}

Deoptimization events (10 events):
Event: 3.559 Thread 0x000000005ae5f000 Uncommon trap: reason=unstable_if action=reinterpret pc=0x0000000002c165d8 method=sun.font.FileFontStrike.getCachedGlyphPtrInternal(I)J @ 99
Event: 7.971 Thread 0x000000005ae5f000 Uncommon trap: reason=unstable_if action=reinterpret pc=0x0000000002a56894 method=java.beans.ChangeListenerMap.get(Ljava/lang/String;)[Ljava/util/EventListener; @ 4
Event: 8.076 Thread 0x000000005b0f0800 Uncommon trap: reason=unstable_if action=reinterpret pc=0x0000000002a47630 method=java.lang.ref.SoftReference.get()Ljava/lang/Object; @ 17
Event: 8.114 Thread 0x000000005b0f0800 Uncommon trap: reason=null_check action=make_not_entrant pc=0x0000000002a59c6c method=java.lang.StringCoding.deref(Ljava/lang/ThreadLocal;)Ljava/lang/Object; @ 4
Event: 8.114 Thread 0x000000005b0f0800 Uncommon trap: reason=class_check action=maybe_recompile pc=0x0000000002a50a88 method=java.lang.StringCoding$StringDecoder.decode([BII)[C @ 30
Event: 8.114 Thread 0x000000005b0f0800 Uncommon trap: reason=unstable_if action=reinterpret pc=0x0000000002a57ec8 method=java.lang.StringCoding.safeTrim([CILjava/nio/charset/Charset;Z)[C @ 3
Event: 8.116 Thread 0x000000005b0f0800 Uncommon trap: reason=class_check action=maybe_recompile pc=0x0000000002a4ee18 method=java.lang.StringCoding$StringDecoder.decode([BII)[C @ 30
Event: 8.116 Thread 0x000000005b0f0800 Uncommon trap: reason=class_check action=maybe_recompile pc=0x0000000002a4ee18 method=java.lang.StringCoding$StringDecoder.decode([BII)[C @ 30
Event: 8.116 Thread 0x000000005b0f0800 Uncommon trap: reason=class_check action=maybe_recompile pc=0x0000000002a4ee18 method=java.lang.StringCoding$StringDecoder.decode([BII)[C @ 30
Event: 8.116 Thread 0x000000005b0f0800 Uncommon trap: reason=class_check action=maybe_recompile pc=0x0000000002a50a88 method=java.lang.StringCoding$StringDecoder.decode([BII)[C @ 30

Classes redefined (0 events):
No events

Internal exceptions (10 events):
Event: 0.064 Thread 0x00000000001af000 Exception <a 'java/security/PrivilegedActionException'> (0x00000000d5b54090) thrown at [C:\re\workspace\8-2-build-windows-amd64-cygwin\jdk8u202\12323\hotspot\src\share\vm\prims\jvm.cpp, line 1502]
Event: 0.066 Thread 0x00000000001af000 Exception <a 'java/io/FileNotFoundException'> (0x00000000d5b56160) thrown at [C:\re\workspace\8-2-build-windows-amd64-cygwin\jdk8u202\12323\hotspot\src\share\vm\prims\jni.cpp, line 710]
Event: 0.091 Thread 0x00000000001af000 Exception <a 'java/lang/NoSuchFieldError': method resolution failed> (0x00000000d5c26d40) thrown at [C:\re\workspace\8-2-build-windows-amd64-cygwin\jdk8u202\12323\hotspot\src\share\vm\prims\methodHandles.cpp, line 1167]
Event: 0.093 Thread 0x00000000001af000 Exception <a 'java/lang/NoSuchFieldError': method resolution failed> (0x00000000d5c34110) thrown at [C:\re\workspace\8-2-build-windows-amd64-cygwin\jdk8u202\12323\hotspot\src\share\vm\prims\methodHandles.cpp, line 1167]
Event: 0.144 Thread 0x00000000001af000 Implicit null exception at 0x00000000027ff992 to 0x00000000027ffb41
Event: 0.148 Thread 0x00000000001af000 Exception <a 'java/io/FileNotFoundException'> (0x00000000d5d23ac0) thrown at [C:\re\workspace\8-2-build-windows-amd64-cygwin\jdk8u202\12323\hotspot\src\share\vm\prims\jni.cpp, line 710]
Event: 0.379 Thread 0x000000005ae5f000 Exception <a 'java/lang/NullPointerException'> (0x00000000d62207e8) thrown at [C:\re\workspace\8-2-build-windows-amd64-cygwin\jdk8u202\12323\hotspot\src\share\vm\interpreter\linkResolver.cpp, line 1287]
Event: 3.558 Thread 0x000000005ae5f000 Implicit null exception at 0x0000000002c16485 to 0x0000000002c165c1
Event: 7.971 Thread 0x000000005ae5f000 Implicit null exception at 0x0000000002a55914 to 0x0000000002a56869
Event: 8.114 Thread 0x000000005b0f0800 Implicit null exception at 0x0000000002a5977b to 0x0000000002a59c5d

Events (10 events):
Event: 8.152 Executing VM operation: ParallelGCSystemGC
Event: 8.175 Executing VM operation: ParallelGCSystemGC done
Event: 8.176 Executing VM operation: RevokeBias
Event: 8.176 Executing VM operation: RevokeBias done
Event: 9.048 loading class javax/swing/text/GapContent$RemoveUndo
Event: 9.048 loading class javax/swing/text/GapContent$RemoveUndo done
Event: 9.048 loading class javax/swing/text/GapContent$UndoPosRef
Event: 9.048 loading class javax/swing/text/GapContent$UndoPosRef done
Event: 9.070 loading class java/sql/SQLWarning
Event: 9.070 loading class java/sql/SQLWarning done


Dynamic libraries:
0x000000013f570000 - 0x000000013f5a7000 	C:\Program Files\Java\jdk1.8.0_202\bin\java.exe
0x0000000077850000 - 0x00000000779f9000 	C:\windows\SYSTEM32\ntdll.dll
0x0000000077630000 - 0x000000007774f000 	C:\windows\system32\kernel32.dll
0x000007fefdb00000 - 0x000007fefdb6b000 	C:\windows\system32\KERNELBASE.dll
0x000007fefe580000 - 0x000007fefe65b000 	C:\windows\system32\ADVAPI32.dll
0x000007feff7c0000 - 0x000007feff85f000 	C:\windows\system32\msvcrt.dll
0x000007feff8b0000 - 0x000007feff8cf000 	C:\windows\SYSTEM32\sechost.dll
0x000007feff690000 - 0x000007feff7bd000 	C:\windows\system32\RPCRT4.dll
0x0000000077750000 - 0x000000007784a000 	C:\windows\system32\USER32.dll
0x000007fefe3b0000 - 0x000007fefe417000 	C:\windows\system32\GDI32.dll
0x000007fefe660000 - 0x000007fefe66e000 	C:\windows\system32\LPK.dll
0x000007fefe2e0000 - 0x000007fefe3a9000 	C:\windows\system32\USP10.dll
0x000007fefbf80000 - 0x000007fefc174000 	C:\windows\WinSxS\amd64_microsoft.windows.common-controls_6595b64144ccf1df_6.0.7601.17514_none_fa396087175ac9ac\COMCTL32.dll
0x000007feff610000 - 0x000007feff681000 	C:\windows\system32\SHLWAPI.dll
0x000007fefe850000 - 0x000007fefe87e000 	C:\windows\system32\IMM32.DLL
0x000007feffa50000 - 0x000007feffb59000 	C:\windows\system32\MSCTF.dll
0x0000000074130000 - 0x0000000074202000 	C:\Program Files\Java\jdk1.8.0_202\jre\bin\msvcr100.dll
0x000000006ed00000 - 0x000000006f5a5000 	C:\Program Files\Java\jdk1.8.0_202\jre\bin\server\jvm.dll
0x000007fef76a0000 - 0x000007fef76a9000 	C:\windows\system32\WSOCK32.dll
0x000007feff860000 - 0x000007feff8ad000 	C:\windows\system32\WS2_32.dll
0x000007fefddd0000 - 0x000007fefddd8000 	C:\windows\system32\NSI.dll
0x000007fefb3d0000 - 0x000007fefb40b000 	C:\windows\system32\WINMM.dll
0x000007fefc8e0000 - 0x000007fefc8ec000 	C:\windows\system32\VERSION.dll
0x0000000077a20000 - 0x0000000077a27000 	C:\windows\system32\PSAPI.DLL
0x000007fefaf90000 - 0x000007fefaf9f000 	C:\Program Files\Java\jdk1.8.0_202\jre\bin\verify.dll
0x000007feefd70000 - 0x000007feefd99000 	C:\Program Files\Java\jdk1.8.0_202\jre\bin\java.dll
0x000007fee14a0000 - 0x000007fee14b6000 	C:\Program Files\Java\jdk1.8.0_202\jre\bin\zip.dll
0x000007fefe880000 - 0x000007feff608000 	C:\windows\system32\SHELL32.dll
0x000007fefdee0000 - 0x000007fefe0e3000 	C:\windows\system32\ole32.dll
0x000007fefd7a0000 - 0x000007fefd7af000 	C:\windows\system32\profapi.dll
0x000007fee12e0000 - 0x000007fee1479000 	C:\Program Files\Java\jdk1.8.0_202\jre\bin\awt.dll
0x000007fefe4a0000 - 0x000007fefe577000 	C:\windows\system32\OLEAUT32.dll
0x000007fefbed0000 - 0x000007fefbf26000 	C:\windows\system32\uxtheme.dll
0x000007fefbb00000 - 0x000007fefbb18000 	C:\windows\system32\dwmapi.dll
0x000007fefd6d0000 - 0x000007fefd6df000 	C:\windows\system32\CRYPTBASE.dll
0x000007fee11c0000 - 0x000007fee12dd000 	C:\windows\system32\opengl32.dll
0x000007fee1190000 - 0x000007fee11bd000 	C:\windows\system32\GLU32.dll
0x000007fee1090000 - 0x000007fee1181000 	C:\windows\system32\DDRAW.dll
0x000007fefafb0000 - 0x000007fefafb8000 	C:\windows\system32\DCIMAN32.dll
0x000007fefe670000 - 0x000007fefe847000 	C:\windows\system32\SETUPAPI.dll
0x000007fefd930000 - 0x000007fefd966000 	C:\windows\system32\CFGMGR32.dll
0x000007fefd970000 - 0x000007fefd98a000 	C:\windows\system32\DEVOBJ.dll
0x000007feecec0000 - 0x000007feed0bf000 	C:\windows\system32\d3d9.dll
0x000007fefc400000 - 0x000007fefc407000 	C:\windows\system32\d3d8thk.dll
0x000007fee15f0000 - 0x000007fee265b000 	C:\windows\system32\nvd3dumx.dll
0x000007fefc300000 - 0x000007fefc32c000 	C:\windows\system32\powrprof.dll
0x000007fee1500000 - 0x000007fee15e1000 	C:\Program Files (x86)\NVIDIA Corporation\3D Vision\nvSCPAPI64.dll
0x000007fef48b0000 - 0x000007fef4a67000 	C:\windows\system32\nvspcap64.dll
0x000007fef8bc0000 - 0x000007fef8c31000 	C:\windows\system32\WINHTTP.dll
0x000007fef8b50000 - 0x000007fef8bb4000 	C:\windows\system32\webio.dll
0x000007fefa750000 - 0x000007fefab05000 	C:\windows\system32\nvapi64.dll
0x000007fefd640000 - 0x000007fefd665000 	C:\windows\system32\SspiCli.dll
0x000007fee1040000 - 0x000007fee1087000 	C:\Program Files\Java\jdk1.8.0_202\jre\bin\fontmanager.dll
0x000007fef0e50000 - 0x000007fef0e6a000 	C:\Program Files\Java\jdk1.8.0_202\jre\bin\net.dll
0x000007feff8d0000 - 0x000007feffa48000 	C:\windows\system32\urlmon.dll
0x000007fefe0f0000 - 0x000007fefe21a000 	C:\windows\system32\WININET.dll
0x000007fefdb70000 - 0x000007fefddc9000 	C:\windows\system32\iertutil.dll
0x000007fefd990000 - 0x000007fefdaf7000 	C:\windows\system32\CRYPT32.dll
0x000007fefd840000 - 0x000007fefd84f000 	C:\windows\system32\MSASN1.dll
0x000007fefd010000 - 0x000007fefd065000 	C:\windows\system32\mswsock.dll
0x000007fefd000000 - 0x000007fefd007000 	C:\windows\System32\wship6.dll
0x000007fee1480000 - 0x000007fee1492000 	C:\Program Files\Java\jdk1.8.0_202\jre\bin\nio.dll
0x000007fee0ff0000 - 0x000007fee1032000 	C:\Program Files\Java\jdk1.8.0_202\jre\bin\t2k.dll
0x000007fefe220000 - 0x000007fefe2b9000 	C:\windows\system32\CLBCatQ.DLL
0x000007fefd070000 - 0x000007fefd087000 	C:\windows\system32\CRYPTSP.dll
0x000007fefcd70000 - 0x000007fefcdb7000 	C:\windows\system32\rsaenh.dll
0x000007fefcaf0000 - 0x000007fefcb0e000 	C:\windows\system32\USERENV.dll
0x000007fefa240000 - 0x000007fefa267000 	C:\windows\system32\IPHLPAPI.DLL
0x000007fefa230000 - 0x000007fefa23b000 	C:\windows\system32\WINNSI.DLL
0x000007fefa040000 - 0x000007fefa051000 	C:\windows\system32\dhcpcsvc6.DLL
0x000007fefa020000 - 0x000007fefa038000 	C:\windows\system32\dhcpcsvc.DLL
0x000000006d080000 - 0x000000006d175000 	C:\Users\admin\AppData\Local\Temp\sqlite-3.21.0-f4ea6461-816b-44f5-910b-ffdb2c869c30-sqlitejdbc.dll
0x000007fefb990000 - 0x000007fefbaba000 	C:\windows\system32\WindowsCodecs.dll
0x000007fefd670000 - 0x000007fefd6c7000 	C:\windows\system32\apphelp.dll
0x000007fefaf50000 - 0x000007fefaf59000 	C:\Program Files (x86)\Internet Download Manager\IDMShellExt64.dll
0x000007fef43f0000 - 0x000007fef44b0000 	C:\Program Files (x86)\Google\Drive\googledrivesync64.dll
0x00000000729e0000 - 0x0000000072ab3000 	C:\Program Files (x86)\Google\Drive\Microsoft.VC90.CRT\MSVCP90.dll
0x0000000072600000 - 0x00000000726a3000 	C:\Program Files (x86)\Google\Drive\Microsoft.VC90.CRT\MSVCR90.dll
0x0000000072bf0000 - 0x0000000072c10000 	C:\Program Files\Common Files\TortoiseOverlays\TortoiseOverlays.dll
0x000007fef7e50000 - 0x000007fef7e53000 	C:\windows\system32\api-ms-win-core-synch-l1-2-0.DLL
0x0000000072bd0000 - 0x0000000072beb000 	C:\Program Files\TortoiseSVN\bin\TortoiseStub.dll
0x0000000071fb0000 - 0x0000000072036000 	C:\Program Files\TortoiseSVN\bin\TortoiseSVN.dll
0x000007fef3e40000 - 0x000007fef43ea000 	C:\Program Files\TortoiseSVN\bin\libsvn_tsvn.dll
0x0000000072b60000 - 0x0000000072b94000 	C:\Program Files\TortoiseSVN\bin\libapr_tsvn.dll
0x000007fef9a90000 - 0x000007fef9aa7000 	C:\Program Files\TortoiseSVN\bin\VCRUNTIME140.dll
0x000007fef8cd0000 - 0x000007fef8cd4000 	C:\Program Files\TortoiseSVN\bin\api-ms-win-crt-runtime-l1-1-0.dll
0x000007fede900000 - 0x000007fede9f6000 	C:\Program Files\Java\jdk1.8.0_202\jre\bin\ucrtbase.DLL
0x000007fef0430000 - 0x000007fef0433000 	C:\Program Files\Java\jdk1.8.0_202\jre\bin\api-ms-win-core-timezone-l1-1-0.dll
0x000007fef05f0000 - 0x000007fef05f3000 	C:\Program Files\Java\jdk1.8.0_202\jre\bin\api-ms-win-core-file-l2-1-0.dll
0x000007fef03e0000 - 0x000007fef03e3000 	C:\Program Files\Java\jdk1.8.0_202\jre\bin\api-ms-win-core-localization-l1-2-0.dll
0x000007fef0420000 - 0x000007fef0423000 	C:\Program Files\Java\jdk1.8.0_202\jre\bin\api-ms-win-core-processthreads-l1-1-1.dll
0x000007feefe00000 - 0x000007feefe03000 	C:\Program Files\Java\jdk1.8.0_202\jre\bin\api-ms-win-core-file-l1-2-0.dll
0x000007fef7d70000 - 0x000007fef7d74000 	C:\Program Files\TortoiseSVN\bin\api-ms-win-crt-string-l1-1-0.dll
0x000007fef6930000 - 0x000007fef6933000 	C:\Program Files\TortoiseSVN\bin\api-ms-win-crt-heap-l1-1-0.dll
0x000007fef6920000 - 0x000007fef6924000 	C:\Program Files\TortoiseSVN\bin\api-ms-win-crt-stdio-l1-1-0.dll
0x000007fef66c0000 - 0x000007fef66c4000 	C:\Program Files\TortoiseSVN\bin\api-ms-win-crt-convert-l1-1-0.dll
0x000007fef66b0000 - 0x000007fef66b3000 	C:\Program Files\TortoiseSVN\bin\api-ms-win-crt-conio-l1-1-0.dll
0x000007fef5d30000 - 0x000007fef5d33000 	C:\Program Files\TortoiseSVN\bin\api-ms-win-crt-utility-l1-1-0.dll
0x000007fef5d20000 - 0x000007fef5d25000 	C:\Program Files\TortoiseSVN\bin\api-ms-win-crt-math-l1-1-0.dll
0x000007fef5d10000 - 0x000007fef5d13000 	C:\Program Files\TortoiseSVN\bin\api-ms-win-crt-environment-l1-1-0.dll
0x000007fef5b70000 - 0x000007fef5b73000 	C:\Program Files\TortoiseSVN\bin\api-ms-win-crt-time-l1-1-0.dll
0x0000000072560000 - 0x00000000725a7000 	C:\Program Files\TortoiseSVN\bin\libaprutil_tsvn.dll
0x000007fefdde0000 - 0x000007fefde32000 	C:\windows\system32\WLDAP32.dll
0x000007fef4ee0000 - 0x000007fef4ef3000 	C:\Program Files\TortoiseSVN\bin\intl3_tsvn.dll
0x000007fef4ed0000 - 0x000007fef4ed3000 	C:\Program Files\TortoiseSVN\bin\api-ms-win-crt-filesystem-l1-1-0.dll
0x000007fef3e20000 - 0x000007fef3e3b000 	C:\Program Files\TortoiseSVN\bin\libsasl.dll
0x000007fefd470000 - 0x000007fefd47b000 	C:\windows\system32\Secur32.dll
0x000007fef3e10000 - 0x000007fef3e13000 	C:\Program Files\TortoiseSVN\bin\api-ms-win-crt-locale-l1-1-0.dll
0x000007fef3d70000 - 0x000007fef3e0e000 	C:\Program Files\TortoiseSVN\bin\MSVCP140.dll
0x000007fef3d60000 - 0x000007fef3d65000 	C:\Program Files\TortoiseSVN\bin\api-ms-win-crt-multibyte-l1-1-0.dll
0x000007fef3d20000 - 0x000007fef3d51000 	C:\Program Files\TortoiseSVN\bin\crshhndl.dll
0x00000000729c0000 - 0x00000000729db000 	C:\Program Files\TortoiseGit\bin\TortoiseGitStub.dll
0x0000000071f20000 - 0x0000000071fb0000 	C:\Program Files\TortoiseGit\bin\TortoiseGit.dll
0x000007fef3d10000 - 0x000007fef3d17000 	C:\windows\system32\SHFOLDER.dll
0x000007fef3c20000 - 0x000007fef3d0a000 	C:\Program Files\TortoiseGit\bin\libgit2_tgit.dll
0x000007fef3bf0000 - 0x000007fef3c08000 	C:\Program Files\TortoiseGit\bin\zlib1_tgit.dll
0x000007fef8a40000 - 0x000007fef8b2f000 	C:\windows\system32\MSVCR120.dll
0x000007fef3ac0000 - 0x000007fef3baa000 	C:\Program Files\TortoiseGit\bin\gitdll.dll
0x000007fef8990000 - 0x000007fef8a36000 	C:\windows\system32\MSVCP120.dll
0x000007fef3a90000 - 0x000007fef3aa1000 	C:\Program Files\TortoiseGit\bin\crshhndl.dll
0x000007fef3a50000 - 0x000007fef3a85000 	C:\windows\system32\EhStorShell.dll
0x000007fefc180000 - 0x000007fefc2ac000 	C:\windows\system32\PROPSYS.dll
0x000007fef33e0000 - 0x000007fef3a50000 	C:\PROGRA~1\MICROS~2\Office14\GROOVEEX.DLL
0x0000000071e80000 - 0x0000000071f1d000 	C:\windows\WinSxS\amd64_microsoft.vc90.crt_1fc8b3b9a1e18e3b_9.0.30729.4940_none_08e4299fa83d7e3c\MSVCR90.dll
0x0000000071da0000 - 0x0000000071e73000 	C:\windows\WinSxS\amd64_microsoft.vc90.crt_1fc8b3b9a1e18e3b_9.0.30729.4940_none_08e4299fa83d7e3c\MSVCP90.dll
0x00000000728d0000 - 0x00000000728ff000 	C:\windows\WinSxS\amd64_microsoft.vc90.atl_1fc8b3b9a1e18e3b_9.0.30729.4148_none_0a1d2fcba76b3f00\ATL90.DLL
0x000007fef1ca0000 - 0x000007fef20ba000 	C:\PROGRA~1\COMMON~1\MICROS~1\OFFICE14\Cultures\office.odf
0x000007fef1430000 - 0x000007fef1c95000 	C:\PROGRA~1\MICROS~2\Office14\1033\GrooveIntlResource.dll

VM Arguments:
jvm_args: -Dfile.encoding=UTF-8 
java_command: invoicemanager.InvoiceManager
java_class_path (initial): D:\InvoiceManager\src\invoicemanager\jxl.jar;D:\InvoiceManager\src\invoicemanager\sqlite-jdbc-3.21.0.jar;D:\InvoiceManager\build\classes
Launcher Type: SUN_STANDARD

Environment Variables:
PATH=C:\Program Files\Java\jdk1.8.0_202\bin;C:\Program Files (x86)\Common Files\Oracle\Java\javapath;C:\Program Files\TortoiseGit\bin;C:\Program Files\TortoiseSVN\bin;C:\Program Files\Git\cmd;D:\Library\apache-maven-3.6.0\bin;C:\Program Files\Java\jdk-11.0.2\bin;C:\Program Files\heroku\bin;C:\Users\admin\AppData\Local\Programs\Microsoft VS Code\bin;C:\Python37\Scripts\;C:\Python37\;C:\Python27\;C:\Python27\Scripts;C:\Program Files (x86)\Intel\iCLS Client\;C:\Program Files\Intel\iCLS Client\;C:\windows\system32;C:\windows;C:\windows\System32\Wbem;C:\windows\System32\WindowsPowerShell\v1.0\;C:\Program Files (x86)\NVIDIA Corporation\PhysX\Common;C:\Program Files\Microsoft\Web Platform Installer\;C:\Program Files (x86)\Microsoft ASP.NET\ASP.NET Web Pages\v1.0\;C:\Program Files\Microsoft SQL Server\110\Tools\Binn\;C:\Program Files (x86)\Skype\Phone\;C:\Program Files\nodejs\;C:\Program Files\Intel\Intel(R) Management Engine Components\DAL;C:\Program Files (x86)\Intel\Intel(R) Management Engine Components\DAL;C:\Program Files\Intel\Intel(R) Management Engine Components\IPT;C:\Program Files (x86)\Intel\Intel(R) Management Engine Components\IPT;;C:\Users\admin\AppData\Local\Programs\Microsoft VS Code\bin
USERNAME=admin
OS=Windows_NT
PROCESSOR_IDENTIFIER=Intel64 Family 6 Model 60 Stepping 3, GenuineIntel



---------------  S Y S T E M  ---------------

OS: Windows 7 , 64 bit Build 7601 (6.1.7601.17514)

CPU:total 8 (initial active 8) (4 cores per cpu, 2 threads per core) family 6 model 60 stepping 3, cmov, cx8, fxsr, mmx, sse, sse2, sse3, ssse3, sse4.1, sse4.2, popcnt, avx, avx2, aes, clmul, erms, rtm, lzcnt, ht, tsc, tscinvbit, bmi1, bmi2

Memory: 4k page, physical 8329244k(1049256k free), swap 16656644k(7530176k free)

vm_info: Java HotSpot(TM) 64-Bit Server VM (25.202-b08) for windows-amd64 JRE (1.8.0_202-b08), built on Dec 15 2018 19:54:30 by "java_re" with MS VC++ 10.0 (VS2010)

time: Tue Apr 23 07:33:32 2019
timezone: E. Australia Standard Time
elapsed time: 9 seconds (0d 0h 0m 9s)

